have_library: checking for main() in -lmecab... -------------------- yes

"/usr/bin/cc -o conftest -I/opt/boxen/rbenv/versions/2.1.0/include/ruby-2.1.0/x86_64-darwin13.0 -I/opt/boxen/rbenv/versions/2.1.0/include/ruby-2.1.0/ruby/backward -I/opt/boxen/rbenv/versions/2.1.0/include/ruby-2.1.0 -I. -I/opt/boxen/rbenv/versions/2.1.0/include  -D_XOPEN_SOURCE -D_DARWIN_C_SOURCE -D_DARWIN_UNLIMITED_SELECT -D_REENTRANT   -I/opt/boxen/homebrew/include -I/opt/X11/include -O3 -Wno-error=shorten-64-to-32  -pipe conftest.c  -L. -L/opt/boxen/rbenv/versions/2.1.0/lib -L. -L/opt/boxen/rbenv/versions/2.1.0/lib -L/opt/boxen/homebrew/lib -L/opt/X11/lib -fstack-protector -L/opt/boxen/homebrew/Cellar/mecab/0.996/lib     -lruby-static -framework CoreFoundation  -lpthread -ldl -lobjc "
checked program was:
/* begin */
1: #include "ruby.h"
2: 
3: int main(int argc, char **argv)
4: {
5:   return 0;
6: }
/* end */

"/usr/bin/cc -o conftest -I/opt/boxen/rbenv/versions/2.1.0/include/ruby-2.1.0/x86_64-darwin13.0 -I/opt/boxen/rbenv/versions/2.1.0/include/ruby-2.1.0/ruby/backward -I/opt/boxen/rbenv/versions/2.1.0/include/ruby-2.1.0 -I. -I/opt/boxen/rbenv/versions/2.1.0/include  -D_XOPEN_SOURCE -D_DARWIN_C_SOURCE -D_DARWIN_UNLIMITED_SELECT -D_REENTRANT   -I/opt/boxen/homebrew/include -I/opt/X11/include -O3 -Wno-error=shorten-64-to-32  -pipe conftest.c  -L. -L/opt/boxen/rbenv/versions/2.1.0/lib -L. -L/opt/boxen/rbenv/versions/2.1.0/lib -L/opt/boxen/homebrew/lib -L/opt/X11/lib -fstack-protector -L/opt/boxen/homebrew/Cellar/mecab/0.996/lib     -lruby-static -framework CoreFoundation -lmecab  -lpthread -ldl -lobjc "
checked program was:
/* begin */
 1: #include "ruby.h"
 2: 
 3: /*top*/
 4: extern int t(void);
 5: int main(int argc, char **argv)
 6: {
 7:   if (argc > 1000000) {
 8:     printf("%p", &t);
 9:   }
10: 
11:   return 0;
12: }
13: int t(void) { void ((*volatile p)()); p = (void ((*)()))main; return 0; }
/* end */

--------------------

have_library: checking for main() in -lstdc++... -------------------- yes

"/usr/bin/cc -o conftest -I/opt/boxen/rbenv/versions/2.1.0/include/ruby-2.1.0/x86_64-darwin13.0 -I/opt/boxen/rbenv/versions/2.1.0/include/ruby-2.1.0/ruby/backward -I/opt/boxen/rbenv/versions/2.1.0/include/ruby-2.1.0 -I. -I/opt/boxen/rbenv/versions/2.1.0/include  -D_XOPEN_SOURCE -D_DARWIN_C_SOURCE -D_DARWIN_UNLIMITED_SELECT -D_REENTRANT   -I/opt/boxen/homebrew/include -I/opt/X11/include -O3 -Wno-error=shorten-64-to-32  -pipe conftest.c  -L. -L/opt/boxen/rbenv/versions/2.1.0/lib -L. -L/opt/boxen/rbenv/versions/2.1.0/lib -L/opt/boxen/homebrew/lib -L/opt/X11/lib -fstack-protector -L/opt/boxen/homebrew/Cellar/mecab/0.996/lib    -lmecab  -lruby-static -framework CoreFoundation -lstdc++ -lmecab  -lpthread -ldl -lobjc "
checked program was:
/* begin */
 1: #include "ruby.h"
 2: 
 3: /*top*/
 4: extern int t(void);
 5: int main(int argc, char **argv)
 6: {
 7:   if (argc > 1000000) {
 8:     printf("%p", &t);
 9:   }
10: 
11:   return 0;
12: }
13: int t(void) { void ((*volatile p)()); p = (void ((*)()))main; return 0; }
/* end */

--------------------

have_header: checking for mecab.h... -------------------- yes

"/usr/bin/cc -E -I/opt/boxen/rbenv/versions/2.1.0/include/ruby-2.1.0/x86_64-darwin13.0 -I/opt/boxen/rbenv/versions/2.1.0/include/ruby-2.1.0/ruby/backward -I/opt/boxen/rbenv/versions/2.1.0/include/ruby-2.1.0 -I. -I/opt/boxen/rbenv/versions/2.1.0/include  -D_XOPEN_SOURCE -D_DARWIN_C_SOURCE -D_DARWIN_UNLIMITED_SELECT -D_REENTRANT   -I/opt/boxen/homebrew/include -I/opt/X11/include -O3 -Wno-error=shorten-64-to-32  -pipe -I/opt/boxen/homebrew/Cellar/mecab/0.996/include  conftest.c -o conftest.i"
checked program was:
/* begin */
1: #include "ruby.h"
2: 
3: #include <mecab.h>
/* end */

--------------------

